[2025-10-01 12:22:36] [INFO] Limite mémoire PHP: 128M
[2025-10-01 12:34:45] [INFO] Limite mémoire PHP: 128M
[2025-10-01 12:34:45] [INFO] Début traitement: groupe.png
[2025-10-01 12:34:45] [INFO] Chargement de l'image (type: png)
[2025-10-01 12:34:45] [INFO] Dimensions originales: 1536x1024
[2025-10-01 12:34:45] [INFO] Sauvegarde en WebP
[2025-10-01 12:34:45] [ERROR] Erreur lors du traitement: Le fichier créé est vide ou invalide
[2025-10-01 12:34:45] [INFO] Fichier corrompu supprimé: /Users/pierre/Desktop/Osons - Saint Paul Site/admin/pages/../../uploads//hero-bg_1759322085_68dd1fe5859ae.webp
[2025-10-01 12:39:24] [INFO] Limite mémoire PHP: 128M
[2025-10-01 12:39:24] [INFO] Début traitement: groupe 2.png
[2025-10-01 12:39:24] [INFO] Chargement de l'image (type: png)
[2025-10-01 12:39:24] [INFO] Dimensions originales: 1536x1024
[2025-10-01 12:39:24] [INFO] Sauvegarde en WebP
[2025-10-01 12:39:24] [ERROR] Fichier créé mais vide (0 octets)
[2025-10-01 12:39:24] [ERROR] Erreur lors du traitement: Le fichier créé est vide ou invalide
[2025-10-01 12:47:59] [INFO] Limite mémoire PHP: 128M
[2025-10-01 12:47:59] [INFO] Début traitement: groupe 2.png
[2025-10-01 12:47:59] [INFO] Chargement de l'image (type: png)
[2025-10-01 12:47:59] [INFO] Dimensions originales: 1536x1024
[2025-10-01 12:47:59] [INFO] Sauvegarde en WebP
[2025-10-01 12:47:59] [INFO] Préparation pour WebP (suppression transparence PNG si présente)
[2025-10-01 12:47:59] [INFO] Fichier sauvegardé avec succès: 250.78 KB
[2025-10-01 12:47:59] [SUCCESS] Image traitée avec succès: hero-bg_1759322879_68dd22ff53f5e.webp | Taille: 250.78 KB | Compression: 72% | Temps: 586.25ms
[2025-10-01 12:48:00] [ERROR] Dossier non accessible en écriture: /Users/pierre/Desktop/Osons - Saint Paul Site/admin/pages/../../uploads//thumbs
[2025-10-01 12:59:59] [INFO] Limite mémoire PHP: 128M
[2025-10-01 12:59:59] [INFO] Début traitement: cropped_1759323593075.jpg
[2025-10-01 12:59:59] [INFO] Chargement de l'image (type: jpg)
[2025-10-01 12:59:59] [INFO] Dimensions originales: 1435x807
[2025-10-01 12:59:59] [INFO] Sauvegarde en WebP
[2025-10-01 12:59:59] [INFO] Préparation pour WebP (suppression transparence PNG si présente)
[2025-10-01 12:59:59] [INFO] Fichier sauvegardé avec succès: 193.6 KB
[2025-10-01 12:59:59] [SUCCESS] Image traitée avec succès: hero-bg_1759323599_68dd25cf74685.webp | Taille: 193.6 KB | Compression: 57.2% | Temps: 296.96ms
[2025-10-01 12:59:59] [ERROR] Dossier non accessible en écriture: /Users/pierre/Desktop/Osons - Saint Paul Site/admin/pages/../../uploads//thumbs
[2025-10-01 13:11:37] [INFO] Limite mémoire PHP: 128M
[2025-10-01 13:11:37] [INFO] Début traitement: cropped_1759324293121.jpg
[2025-10-01 13:11:37] [INFO] Chargement de l'image (type: jpg)
[2025-10-01 13:11:37] [INFO] Dimensions originales: 1080x405
[2025-10-01 13:11:37] [INFO] Sauvegarde en WebP
[2025-10-01 13:11:37] [INFO] Préparation pour WebP (suppression transparence PNG si présente)
[2025-10-01 13:11:37] [INFO] Fichier sauvegardé avec succès: 70.08 KB
[2025-10-01 13:11:37] [SUCCESS] Image traitée avec succès: hero-bg_1759324297_68dd28890e331.webp | Taille: 70.08 KB | Compression: 56.7% | Temps: 743.36ms
[2025-10-01 13:11:37] [ERROR] Dossier non accessible en écriture: /Users/pierre/Desktop/Osons - Saint Paul Site/admin/pages/../../uploads//thumbs
[2025-10-01 13:23:18] [INFO] Limite mémoire PHP: 128M
[2025-10-01 13:23:18] [INFO] Début traitement: cropped_1759324995297.jpg
[2025-10-01 13:23:18] [INFO] Chargement de l'image (type: jpg)
[2025-10-01 13:23:18] [INFO] Dimensions originales: 1080x405
[2025-10-01 13:23:18] [INFO] Sauvegarde en WebP
[2025-10-01 13:23:18] [INFO] Préparation pour WebP (suppression transparence PNG si présente)
[2025-10-01 13:23:18] [INFO] Fichier sauvegardé avec succès: 69.06 KB
[2025-10-01 13:23:18] [SUCCESS] Image traitée avec succès: hero-bg_1759324998_68dd2b46316f2.webp | Taille: 69.06 KB | Compression: 57.3% | Temps: 195.34ms
[2025-10-01 13:23:18] [ERROR] Dossier non accessible en écriture: /Users/pierre/Desktop/Osons - Saint Paul Site/admin/pages/../../uploads//thumbs
[2025-10-01 13:29:30] [INFO] Limite mémoire PHP: 128M
[2025-10-01 13:29:30] [INFO] Début traitement: cropped_1759325367309.jpg
[2025-10-01 13:29:30] [INFO] Chargement de l'image (type: jpg)
[2025-10-01 13:29:30] [INFO] Dimensions originales: 1080x337
[2025-10-01 13:29:30] [INFO] Sauvegarde en WebP
[2025-10-01 13:29:30] [INFO] Préparation pour WebP (suppression transparence PNG si présente)
[2025-10-01 13:29:30] [INFO] Fichier sauvegardé avec succès: 50.52 KB
[2025-10-01 13:29:30] [SUCCESS] Image traitée avec succès: citation1-bg_1759325370_68dd2cba14720.webp | Taille: 50.52 KB | Compression: 60.5% | Temps: 117.62ms
[2025-10-01 13:29:30] [ERROR] Dossier non accessible en écriture: /Users/pierre/Desktop/Osons - Saint Paul Site/admin/pages/../../uploads//thumbs
[2025-10-01 13:31:13] [INFO] Limite mémoire PHP: 128M
[2025-10-01 13:31:13] [INFO] Début traitement: cropped_1759325470854.jpg
[2025-10-01 13:31:13] [INFO] Chargement de l'image (type: jpg)
[2025-10-01 13:31:13] [INFO] Dimensions originales: 1280x960
[2025-10-01 13:31:13] [INFO] Sauvegarde en WebP
[2025-10-01 13:31:13] [INFO] Préparation pour WebP (suppression transparence PNG si présente)
[2025-10-01 13:31:13] [INFO] Fichier sauvegardé avec succès: 110.09 KB
[2025-10-01 13:31:13] [SUCCESS] Image traitée avec succès: citation1-bg_1759325473_68dd2d21ae938.webp | Taille: 110.09 KB | Compression: 68.2% | Temps: 238.83ms
[2025-10-01 13:31:14] [ERROR] Dossier non accessible en écriture: /Users/pierre/Desktop/Osons - Saint Paul Site/admin/pages/../../uploads//thumbs
